0 info it worked if it ends with ok
1 verbose cli [ 'C:\\Program Files\\nodejs\\node.exe',
1 verbose cli   'C:\\Program Files\\nodejs\\node_modules\\npm\\bin\\npm-cli.js',
1 verbose cli   'publish' ]
2 info using npm@2.10.1
3 info using node@v0.12.4
4 verbose publish [ '.' ]
5 silly cache add args [ '.', null ]
6 verbose cache add spec .
7 silly cache add parsed spec { raw: '.',
7 silly cache add   scope: null,
7 silly cache add   name: null,
7 silly cache add   rawSpec: '.',
7 silly cache add   spec: 'C:\\Development\\quobject.visualstudio.com\\docker-cli-js',
7 silly cache add   type: 'directory' }
8 verbose addLocalDirectory C:\Users\Matthias\AppData\Roaming\npm-cache\docker-cli-js\0.0.1\package.tgz not in flight; packing
9 verbose tar pack [ 'C:\\Users\\Matthias\\AppData\\Roaming\\npm-cache\\docker-cli-js\\0.0.1\\package.tgz',
9 verbose tar pack   'C:\\Development\\quobject.visualstudio.com\\docker-cli-js' ]
10 verbose tarball C:\Users\Matthias\AppData\Roaming\npm-cache\docker-cli-js\0.0.1\package.tgz
11 verbose folder C:\Development\quobject.visualstudio.com\docker-cli-js
12 info prepublish docker-cli-js@0.0.1
13 verbose addLocalTarball adding from inside cache C:\Users\Matthias\AppData\Roaming\npm-cache\docker-cli-js\0.0.1\package.tgz
14 silly cache afterAdd docker-cli-js@0.0.1
15 verbose afterAdd C:\Users\Matthias\AppData\Roaming\npm-cache\docker-cli-js\0.0.1\package\package.json not in flight; writing
16 verbose afterAdd C:\Users\Matthias\AppData\Roaming\npm-cache\docker-cli-js\0.0.1\package\package.json written
17 silly publish { name: 'docker-cli-js',
17 silly publish   version: '0.0.1',
17 silly publish   description: 'A wrapper for the docker CLI',
17 silly publish   main: 'index.js',
17 silly publish   scripts: { test: 'echo "Error: no test specified" && exit 1' },
17 silly publish   repository:
17 silly publish    { type: 'git',
17 silly publish      url: 'git+https://github.com/Quobject/docker-cli-js.git' },
17 silly publish   keywords: [ 'docker' ],
17 silly publish   author: { name: 'Matthias Ludwig', email: 'mludwig@quobject.io' },
17 silly publish   license: 'Apache-2.0',
17 silly publish   bugs: { url: 'https://github.com/Quobject/docker-cli-js/issues' },
17 silly publish   homepage: 'https://github.com/Quobject/docker-cli-js',
17 silly publish   readme: '# docker-cli-js\r\nA node.js wrapper for the docker command line tool\r\n',
17 silly publish   readmeFilename: 'README.md',
17 silly publish   gitHead: '9dc7c7c19463d0ea88693b9d64aa6f8a43f6137d',
17 silly publish   _id: 'docker-cli-js@0.0.1',
17 silly publish   _shasum: 'd5e00c17df3c31e511bafc9c342fe4736afd506e',
17 silly publish   _from: '.' }
18 verbose getPublishConfig undefined
19 silly mapToRegistry name docker-cli-js
20 silly mapToRegistry using default registry
21 silly mapToRegistry registry https://registry.npmjs.org/
22 silly mapToRegistry uri https://registry.npmjs.org/docker-cli-js
23 verbose publish registryBase https://registry.npmjs.org/
24 silly publish uploading C:\Users\Matthias\AppData\Roaming\npm-cache\docker-cli-js\0.0.1\package.tgz
25 verbose request uri https://registry.npmjs.org/docker-cli-js
26 verbose request sending authorization for write operation
27 info attempt registry request try #1 at 11:39:53 AM
28 verbose request using bearer token for auth
29 verbose request id 5718c0cc521387f5
30 http request PUT https://registry.npmjs.org/docker-cli-js
31 http 403 https://registry.npmjs.org/docker-cli-js
32 verbose headers { 'content-type': 'application/json',
32 verbose headers   'cache-control': 'max-age=60',
32 verbose headers   'content-length': '95',
32 verbose headers   'accept-ranges': 'bytes',
32 verbose headers   date: 'Sun, 27 Sep 2015 01:39:54 GMT',
32 verbose headers   via: '1.1 varnish',
32 verbose headers   connection: 'keep-alive',
32 verbose headers   'x-served-by': 'cache-syd1620-SYD',
32 verbose headers   'x-cache': 'MISS',
32 verbose headers   'x-cache-hits': '0',
32 verbose headers   'x-timer': 'S1443317993.300906,VS0,VE902' }
33 verbose request invalidating C:\Users\Matthias\AppData\Roaming\npm-cache\registry.npmjs.org\docker-cli-js on PUT
34 error publish Failed PUT 403
35 verbose stack Error: "You cannot publish over the previously published version 0.0.1." : docker-cli-js
35 verbose stack     at CachingRegistryClient.<anonymous> (C:\Program Files\nodejs\node_modules\npm\node_modules\npm-registry-client\lib\request.js:247:14)
35 verbose stack     at Request._callback (C:\Program Files\nodejs\node_modules\npm\node_modules\npm-registry-client\lib\request.js:170:14)
35 verbose stack     at Request.self.callback (C:\Program Files\nodejs\node_modules\npm\node_modules\request\request.js:368:22)
35 verbose stack     at Request.emit (events.js:110:17)
35 verbose stack     at Request.<anonymous> (C:\Program Files\nodejs\node_modules\npm\node_modules\request\request.js:1219:14)
35 verbose stack     at Request.emit (events.js:129:20)
35 verbose stack     at IncomingMessage.<anonymous> (C:\Program Files\nodejs\node_modules\npm\node_modules\request\request.js:1167:12)
35 verbose stack     at IncomingMessage.emit (events.js:129:20)
35 verbose stack     at _stream_readable.js:908:16
35 verbose stack     at process._tickCallback (node.js:355:11)
36 verbose statusCode 403
37 verbose pkgid docker-cli-js
38 verbose cwd C:\Development\quobject.visualstudio.com\docker-cli-js
39 error Windows_NT 6.3.9600
40 error argv "C:\\Program Files\\nodejs\\node.exe" "C:\\Program Files\\nodejs\\node_modules\\npm\\bin\\npm-cli.js" "publish"
41 error node v0.12.4
42 error npm  v2.10.1
43 error code E403
44 error "You cannot publish over the previously published version 0.0.1." : docker-cli-js
45 error If you need help, you may report this error at:
45 error     <https://github.com/npm/npm/issues>
46 verbose exit [ 1, true ]
